2026-04-01 03:44:23,477 | INFO | fastapi_app | 172.19.0.1 - "GET /docs" 200 (0.69ms)
2026-04-01 03:44:23,632 | INFO | fastapi_app | 172.19.0.1 - "GET /openapi.json" 200 (1.59ms)
2026-04-01 07:42:24,277 | INFO | fastapi_app | Loading embedding model
2026-04-01 07:42:47,809 | INFO | fastapi_app | Loading Multimodal CLIP Model for Image Frames
2026-04-01 07:46:04,068 | INFO | fastapi_app | Downloading the video from  https://www.youtube.com/watch?v=ezdIOLbUSWg. Ingestion Service... download_file
2026-04-01 07:46:05,354 | INFO | fastapi_app | Error during audio extraction: ERROR: [youtube] ezdIOLbUSWg: Unable to download API page: [SSL: CERTIFICATE_VERIFY_FAILED] certificate verify failed: unable to get local issuer certificate (_ssl.c:1010) (caused by CertificateVerifyError('[SSL: CERTIFICATE_VERIFY_FAILED] certificate verify failed: unable to get local issuer certificate (_ssl.c:1010)')); please report this issue on  https://github.com/yt-dlp/yt-dlp/issues?q= , filling out the appropriate issue template. Confirm you are on the latest version using  yt-dlp -U
2026-04-01 07:46:05,354 | INFO | fastapi_app | Downloaded File None. Ingestion Service...
2026-04-01 07:46:06,450 | ERROR | fastapi_app | 172.19.0.1 - "POST /upload" FAILED (2461.80ms)
Traceback (most recent call last):
  File "/app/app/middleware/log_middleware.py", line 33, in dispatch
    response = await call_next(request)
               ^^^^^^^^^^^^^^^^^^^^^^^^
  File "/app/.venv/lib/python3.12/site-packages/starlette/middleware/base.py", line 168, in call_next
    raise app_exc from app_exc.__cause__ or app_exc.__context__
  File "/app/.venv/lib/python3.12/site-packages/starlette/middleware/base.py", line 144, in coro
    await self.app(scope, receive_or_disconnect, send_no_error)
  File "/app/.venv/lib/python3.12/site-packages/starlette/middleware/exceptions.py", line 63, in __call__
    await wrap_app_handling_exceptions(self.app, conn)(scope, receive, send)
  File "/app/.venv/lib/python3.12/site-packages/starlette/_exception_handler.py", line 53, in wrapped_app
    raise exc
  File "/app/.venv/lib/python3.12/site-packages/starlette/_exception_handler.py", line 42, in wrapped_app
    await app(scope, receive, sender)
  File "/app/.venv/lib/python3.12/site-packages/fastapi/middleware/asyncexitstack.py", line 18, in __call__
    await self.app(scope, receive, send)
  File "/app/.venv/lib/python3.12/site-packages/starlette/routing.py", line 660, in __call__
    await self.middleware_stack(scope, receive, send)
  File "/app/.venv/lib/python3.12/site-packages/starlette/routing.py", line 680, in app
    await route.handle(scope, receive, send)
  File "/app/.venv/lib/python3.12/site-packages/starlette/routing.py", line 276, in handle
    await self.app(scope, receive, send)
  File "/app/.venv/lib/python3.12/site-packages/fastapi/routing.py", line 134, in app
    await wrap_app_handling_exceptions(app, request)(scope, receive, send)
  File "/app/.venv/lib/python3.12/site-packages/starlette/_exception_handler.py", line 53, in wrapped_app
    raise exc
  File "/app/.venv/lib/python3.12/site-packages/starlette/_exception_handler.py", line 42, in wrapped_app
    await app(scope, receive, sender)
  File "/app/.venv/lib/python3.12/site-packages/fastapi/routing.py", line 120, in app
    response = await f(request)
               ^^^^^^^^^^^^^^^^
  File "/app/.venv/lib/python3.12/site-packages/fastapi/routing.py", line 674, in app
    raw_response = await run_endpoint_function(
                   ^^^^^^^^^^^^^^^^^^^^^^^^^^^^
  File "/app/.venv/lib/python3.12/site-packages/fastapi/routing.py", line 328, in run_endpoint_function
    return await dependant.call(**values)
           ^^^^^^^^^^^^^^^^^^^^^^^^^^^^^^
  File "/app/app/routes/ingestion_routes.py", line 18, in ingest_link
    response = await ingestion_service.process()
               ^^^^^^^^^^^^^^^^^^^^^^^^^^^^^^^^^
  File "/app/app/services/ingestion_service.py", line 209, in process
    video_id = meta['video_id']
               ~~~~^^^^^^^^^^^^
TypeError: 'NoneType' object is not subscriptable
2026-04-01 07:46:06,454 | ERROR | fastapi_app | Unhandled exception
Traceback (most recent call last):
  File "/app/.venv/lib/python3.12/site-packages/starlette/middleware/errors.py", line 164, in __call__
    await self.app(scope, receive, _send)
  File "/app/.venv/lib/python3.12/site-packages/starlette/middleware/base.py", line 191, in __call__
    with recv_stream, send_stream, collapse_excgroups():
                                   ^^^^^^^^^^^^^^^^^^^^
  File "/usr/local/lib/python3.12/contextlib.py", line 158, in __exit__
    self.gen.throw(value)
  File "/app/.venv/lib/python3.12/site-packages/starlette/_utils.py", line 87, in collapse_excgroups
    raise exc
  File "/app/.venv/lib/python3.12/site-packages/starlette/middleware/base.py", line 193, in __call__
    response = await self.dispatch_func(request, call_next)
               ^^^^^^^^^^^^^^^^^^^^^^^^^^^^^^^^^^^^^^^^^^^^
  File "/app/app/middleware/log_middleware.py", line 48, in dispatch
    raise e
  File "/app/app/middleware/log_middleware.py", line 33, in dispatch
    response = await call_next(request)
               ^^^^^^^^^^^^^^^^^^^^^^^^
  File "/app/.venv/lib/python3.12/site-packages/starlette/middleware/base.py", line 168, in call_next
    raise app_exc from app_exc.__cause__ or app_exc.__context__
  File "/app/.venv/lib/python3.12/site-packages/starlette/middleware/base.py", line 144, in coro
    await self.app(scope, receive_or_disconnect, send_no_error)
  File "/app/.venv/lib/python3.12/site-packages/starlette/middleware/exceptions.py", line 63, in __call__
    await wrap_app_handling_exceptions(self.app, conn)(scope, receive, send)
  File "/app/.venv/lib/python3.12/site-packages/starlette/_exception_handler.py", line 53, in wrapped_app
    raise exc
  File "/app/.venv/lib/python3.12/site-packages/starlette/_exception_handler.py", line 42, in wrapped_app
    await app(scope, receive, sender)
  File "/app/.venv/lib/python3.12/site-packages/fastapi/middleware/asyncexitstack.py", line 18, in __call__
    await self.app(scope, receive, send)
  File "/app/.venv/lib/python3.12/site-packages/starlette/routing.py", line 660, in __call__
    await self.middleware_stack(scope, receive, send)
  File "/app/.venv/lib/python3.12/site-packages/starlette/routing.py", line 680, in app
    await route.handle(scope, receive, send)
  File "/app/.venv/lib/python3.12/site-packages/starlette/routing.py", line 276, in handle
    await self.app(scope, receive, send)
  File "/app/.venv/lib/python3.12/site-packages/fastapi/routing.py", line 134, in app
    await wrap_app_handling_exceptions(app, request)(scope, receive, send)
  File "/app/.venv/lib/python3.12/site-packages/starlette/_exception_handler.py", line 53, in wrapped_app
    raise exc
  File "/app/.venv/lib/python3.12/site-packages/starlette/_exception_handler.py", line 42, in wrapped_app
    await app(scope, receive, sender)
  File "/app/.venv/lib/python3.12/site-packages/fastapi/routing.py", line 120, in app
    response = await f(request)
               ^^^^^^^^^^^^^^^^
  File "/app/.venv/lib/python3.12/site-packages/fastapi/routing.py", line 674, in app
    raw_response = await run_endpoint_function(
                   ^^^^^^^^^^^^^^^^^^^^^^^^^^^^
  File "/app/.venv/lib/python3.12/site-packages/fastapi/routing.py", line 328, in run_endpoint_function
    return await dependant.call(**values)
           ^^^^^^^^^^^^^^^^^^^^^^^^^^^^^^
  File "/app/app/routes/ingestion_routes.py", line 18, in ingest_link
    response = await ingestion_service.process()
               ^^^^^^^^^^^^^^^^^^^^^^^^^^^^^^^^^
  File "/app/app/services/ingestion_service.py", line 209, in process
    video_id = meta['video_id']
               ~~~~^^^^^^^^^^^^
TypeError: 'NoneType' object is not subscriptable
2026-04-01 09:27:21,350 | INFO | fastapi_app | Loading embedding model
2026-04-01 09:27:39,771 | INFO | fastapi_app | Loading Multimodal CLIP Model for Image Frames
2026-04-01 09:27:44,438 | INFO | fastapi_app | Loading embedding model
2026-04-01 09:27:52,559 | INFO | fastapi_app | Loading Multimodal CLIP Model for Image Frames
2026-04-01 09:27:59,218 | INFO | fastapi_app | Downloading the video from  https://www.youtube.com/watch?v=ezdIOLbUSWg. Ingestion Service... download_file
2026-04-01 09:28:00,486 | INFO | fastapi_app | Error during audio extraction: ERROR: [youtube] ezdIOLbUSWg: Unable to download API page: [SSL: CERTIFICATE_VERIFY_FAILED] certificate verify failed: unable to get local issuer certificate (_ssl.c:1010) (caused by CertificateVerifyError('[SSL: CERTIFICATE_VERIFY_FAILED] certificate verify failed: unable to get local issuer certificate (_ssl.c:1010)')); please report this issue on  https://github.com/yt-dlp/yt-dlp/issues?q= , filling out the appropriate issue template. Confirm you are on the latest version using  yt-dlp -U
2026-04-01 09:28:00,486 | INFO | fastapi_app | Downloaded File None. Ingestion Service...
2026-04-01 09:28:01,867 | INFO | fastapi_app | Error while fetching the metadata of video link ERROR: [youtube] ezdIOLbUSWg: Unable to download API page: [SSL: CERTIFICATE_VERIFY_FAILED] certificate verify failed: unable to get local issuer certificate (_ssl.c:1010) (caused by CertificateVerifyError('[SSL: CERTIFICATE_VERIFY_FAILED] certificate verify failed: unable to get local issuer certificate (_ssl.c:1010)')); please report this issue on  https://github.com/yt-dlp/yt-dlp/issues?q= , filling out the appropriate issue template. Confirm you are on the latest version using  yt-dlp -U .....
2026-04-01 09:28:01,868 | ERROR | fastapi_app | 172.19.0.1 - "POST /upload" FAILED (2730.02ms)
Traceback (most recent call last):
  File "/app/app/middleware/log_middleware.py", line 33, in dispatch
    response = await call_next(request)
               ^^^^^^^^^^^^^^^^^^^^^^^^
  File "/app/.venv/lib/python3.12/site-packages/starlette/middleware/base.py", line 168, in call_next
    raise app_exc from app_exc.__cause__ or app_exc.__context__
  File "/app/.venv/lib/python3.12/site-packages/starlette/middleware/base.py", line 144, in coro
    await self.app(scope, receive_or_disconnect, send_no_error)
  File "/app/.venv/lib/python3.12/site-packages/starlette/middleware/exceptions.py", line 63, in __call__
    await wrap_app_handling_exceptions(self.app, conn)(scope, receive, send)
  File "/app/.venv/lib/python3.12/site-packages/starlette/_exception_handler.py", line 53, in wrapped_app
    raise exc
  File "/app/.venv/lib/python3.12/site-packages/starlette/_exception_handler.py", line 42, in wrapped_app
    await app(scope, receive, sender)
  File "/app/.venv/lib/python3.12/site-packages/fastapi/middleware/asyncexitstack.py", line 18, in __call__
    await self.app(scope, receive, send)
  File "/app/.venv/lib/python3.12/site-packages/starlette/routing.py", line 660, in __call__
    await self.middleware_stack(scope, receive, send)
  File "/app/.venv/lib/python3.12/site-packages/starlette/routing.py", line 680, in app
    await route.handle(scope, receive, send)
  File "/app/.venv/lib/python3.12/site-packages/starlette/routing.py", line 276, in handle
    await self.app(scope, receive, send)
  File "/app/.venv/lib/python3.12/site-packages/fastapi/routing.py", line 134, in app
    await wrap_app_handling_exceptions(app, request)(scope, receive, send)
  File "/app/.venv/lib/python3.12/site-packages/starlette/_exception_handler.py", line 53, in wrapped_app
    raise exc
  File "/app/.venv/lib/python3.12/site-packages/starlette/_exception_handler.py", line 42, in wrapped_app
    await app(scope, receive, sender)
  File "/app/.venv/lib/python3.12/site-packages/fastapi/routing.py", line 120, in app
    response = await f(request)
               ^^^^^^^^^^^^^^^^
  File "/app/.venv/lib/python3.12/site-packages/fastapi/routing.py", line 674, in app
    raw_response = await run_endpoint_function(
                   ^^^^^^^^^^^^^^^^^^^^^^^^^^^^
  File "/app/.venv/lib/python3.12/site-packages/fastapi/routing.py", line 328, in run_endpoint_function
    return await dependant.call(**values)
           ^^^^^^^^^^^^^^^^^^^^^^^^^^^^^^
  File "/app/app/routes/ingestion_routes.py", line 18, in ingest_link
    response = await ingestion_service.process()
               ^^^^^^^^^^^^^^^^^^^^^^^^^^^^^^^^^
  File "/app/app/services/ingestion_service.py", line 209, in process
    video_id = meta['video_id']
               ~~~~^^^^^^^^^^^^
TypeError: 'NoneType' object is not subscriptable
2026-04-01 09:28:01,872 | ERROR | fastapi_app | Unhandled exception
Traceback (most recent call last):
  File "/app/.venv/lib/python3.12/site-packages/starlette/middleware/errors.py", line 164, in __call__
    await self.app(scope, receive, _send)
  File "/app/.venv/lib/python3.12/site-packages/starlette/middleware/base.py", line 191, in __call__
    with recv_stream, send_stream, collapse_excgroups():
                                   ^^^^^^^^^^^^^^^^^^^^
  File "/usr/local/lib/python3.12/contextlib.py", line 158, in __exit__
    self.gen.throw(value)
  File "/app/.venv/lib/python3.12/site-packages/starlette/_utils.py", line 87, in collapse_excgroups
    raise exc
  File "/app/.venv/lib/python3.12/site-packages/starlette/middleware/base.py", line 193, in __call__
    response = await self.dispatch_func(request, call_next)
               ^^^^^^^^^^^^^^^^^^^^^^^^^^^^^^^^^^^^^^^^^^^^
  File "/app/app/middleware/log_middleware.py", line 48, in dispatch
    raise e
  File "/app/app/middleware/log_middleware.py", line 33, in dispatch
    response = await call_next(request)
               ^^^^^^^^^^^^^^^^^^^^^^^^
  File "/app/.venv/lib/python3.12/site-packages/starlette/middleware/base.py", line 168, in call_next
    raise app_exc from app_exc.__cause__ or app_exc.__context__
  File "/app/.venv/lib/python3.12/site-packages/starlette/middleware/base.py", line 144, in coro
    await self.app(scope, receive_or_disconnect, send_no_error)
  File "/app/.venv/lib/python3.12/site-packages/starlette/middleware/exceptions.py", line 63, in __call__
    await wrap_app_handling_exceptions(self.app, conn)(scope, receive, send)
  File "/app/.venv/lib/python3.12/site-packages/starlette/_exception_handler.py", line 53, in wrapped_app
    raise exc
  File "/app/.venv/lib/python3.12/site-packages/starlette/_exception_handler.py", line 42, in wrapped_app
    await app(scope, receive, sender)
  File "/app/.venv/lib/python3.12/site-packages/fastapi/middleware/asyncexitstack.py", line 18, in __call__
    await self.app(scope, receive, send)
  File "/app/.venv/lib/python3.12/site-packages/starlette/routing.py", line 660, in __call__
    await self.middleware_stack(scope, receive, send)
  File "/app/.venv/lib/python3.12/site-packages/starlette/routing.py", line 680, in app
    await route.handle(scope, receive, send)
  File "/app/.venv/lib/python3.12/site-packages/starlette/routing.py", line 276, in handle
    await self.app(scope, receive, send)
  File "/app/.venv/lib/python3.12/site-packages/fastapi/routing.py", line 134, in app
    await wrap_app_handling_exceptions(app, request)(scope, receive, send)
  File "/app/.venv/lib/python3.12/site-packages/starlette/_exception_handler.py", line 53, in wrapped_app
    raise exc
  File "/app/.venv/lib/python3.12/site-packages/starlette/_exception_handler.py", line 42, in wrapped_app
    await app(scope, receive, sender)
  File "/app/.venv/lib/python3.12/site-packages/fastapi/routing.py", line 120, in app
    response = await f(request)
               ^^^^^^^^^^^^^^^^
  File "/app/.venv/lib/python3.12/site-packages/fastapi/routing.py", line 674, in app
    raw_response = await run_endpoint_function(
                   ^^^^^^^^^^^^^^^^^^^^^^^^^^^^
  File "/app/.venv/lib/python3.12/site-packages/fastapi/routing.py", line 328, in run_endpoint_function
    return await dependant.call(**values)
           ^^^^^^^^^^^^^^^^^^^^^^^^^^^^^^
  File "/app/app/routes/ingestion_routes.py", line 18, in ingest_link
    response = await ingestion_service.process()
               ^^^^^^^^^^^^^^^^^^^^^^^^^^^^^^^^^
  File "/app/app/services/ingestion_service.py", line 209, in process
    video_id = meta['video_id']
               ~~~~^^^^^^^^^^^^
TypeError: 'NoneType' object is not subscriptable
2026-04-01 09:31:40,083 | INFO | fastapi_app | Downloading the video from  https://www.youtube.com/watch?v=YXgBYdjGKQM. Ingestion Service... download_file
2026-04-01 09:31:42,166 | INFO | fastapi_app | Downloaded File /app/app/static/upload/videos/YXgBYdjGKQM.mp4. Ingestion Service...
2026-04-01 09:31:44,954 | INFO | fastapi_app | Error while fetching the metadata of video link cannot access local variable 'e' where it is not associated with a value .....
2026-04-01 09:31:44,955 | ERROR | fastapi_app | 172.19.0.1 - "POST /upload" FAILED (4917.36ms)
Traceback (most recent call last):
  File "/app/app/middleware/log_middleware.py", line 33, in dispatch
    response = await call_next(request)
               ^^^^^^^^^^^^^^^^^^^^^^^^
  File "/app/.venv/lib/python3.12/site-packages/starlette/middleware/base.py", line 168, in call_next
    raise app_exc from app_exc.__cause__ or app_exc.__context__
  File "/app/.venv/lib/python3.12/site-packages/starlette/middleware/base.py", line 144, in coro
    await self.app(scope, receive_or_disconnect, send_no_error)
  File "/app/.venv/lib/python3.12/site-packages/starlette/middleware/exceptions.py", line 63, in __call__
    await wrap_app_handling_exceptions(self.app, conn)(scope, receive, send)
  File "/app/.venv/lib/python3.12/site-packages/starlette/_exception_handler.py", line 53, in wrapped_app
    raise exc
  File "/app/.venv/lib/python3.12/site-packages/starlette/_exception_handler.py", line 42, in wrapped_app
    await app(scope, receive, sender)
  File "/app/.venv/lib/python3.12/site-packages/fastapi/middleware/asyncexitstack.py", line 18, in __call__
    await self.app(scope, receive, send)
  File "/app/.venv/lib/python3.12/site-packages/starlette/routing.py", line 660, in __call__
    await self.middleware_stack(scope, receive, send)
  File "/app/.venv/lib/python3.12/site-packages/starlette/routing.py", line 680, in app
    await route.handle(scope, receive, send)
  File "/app/.venv/lib/python3.12/site-packages/starlette/routing.py", line 276, in handle
    await self.app(scope, receive, send)
  File "/app/.venv/lib/python3.12/site-packages/fastapi/routing.py", line 134, in app
    await wrap_app_handling_exceptions(app, request)(scope, receive, send)
  File "/app/.venv/lib/python3.12/site-packages/starlette/_exception_handler.py", line 53, in wrapped_app
    raise exc
  File "/app/.venv/lib/python3.12/site-packages/starlette/_exception_handler.py", line 42, in wrapped_app
    await app(scope, receive, sender)
  File "/app/.venv/lib/python3.12/site-packages/fastapi/routing.py", line 120, in app
    response = await f(request)
               ^^^^^^^^^^^^^^^^
  File "/app/.venv/lib/python3.12/site-packages/fastapi/routing.py", line 674, in app
    raw_response = await run_endpoint_function(
                   ^^^^^^^^^^^^^^^^^^^^^^^^^^^^
  File "/app/.venv/lib/python3.12/site-packages/fastapi/routing.py", line 328, in run_endpoint_function
    return await dependant.call(**values)
           ^^^^^^^^^^^^^^^^^^^^^^^^^^^^^^
  File "/app/app/routes/ingestion_routes.py", line 18, in ingest_link
    response = await ingestion_service.process()
               ^^^^^^^^^^^^^^^^^^^^^^^^^^^^^^^^^
  File "/app/app/services/ingestion_service.py", line 209, in process
    video_id = meta['video_id']
               ~~~~^^^^^^^^^^^^
TypeError: 'NoneType' object is not subscriptable
2026-04-01 09:31:44,956 | ERROR | fastapi_app | Unhandled exception
Traceback (most recent call last):
  File "/app/.venv/lib/python3.12/site-packages/starlette/middleware/errors.py", line 164, in __call__
    await self.app(scope, receive, _send)
  File "/app/.venv/lib/python3.12/site-packages/starlette/middleware/base.py", line 191, in __call__
    with recv_stream, send_stream, collapse_excgroups():
                                   ^^^^^^^^^^^^^^^^^^^^
  File "/usr/local/lib/python3.12/contextlib.py", line 158, in __exit__
    self.gen.throw(value)
  File "/app/.venv/lib/python3.12/site-packages/starlette/_utils.py", line 87, in collapse_excgroups
    raise exc
  File "/app/.venv/lib/python3.12/site-packages/starlette/middleware/base.py", line 193, in __call__
    response = await self.dispatch_func(request, call_next)
               ^^^^^^^^^^^^^^^^^^^^^^^^^^^^^^^^^^^^^^^^^^^^
  File "/app/app/middleware/log_middleware.py", line 48, in dispatch
    raise e
  File "/app/app/middleware/log_middleware.py", line 33, in dispatch
    response = await call_next(request)
               ^^^^^^^^^^^^^^^^^^^^^^^^
  File "/app/.venv/lib/python3.12/site-packages/starlette/middleware/base.py", line 168, in call_next
    raise app_exc from app_exc.__cause__ or app_exc.__context__
  File "/app/.venv/lib/python3.12/site-packages/starlette/middleware/base.py", line 144, in coro
    await self.app(scope, receive_or_disconnect, send_no_error)
  File "/app/.venv/lib/python3.12/site-packages/starlette/middleware/exceptions.py", line 63, in __call__
    await wrap_app_handling_exceptions(self.app, conn)(scope, receive, send)
  File "/app/.venv/lib/python3.12/site-packages/starlette/_exception_handler.py", line 53, in wrapped_app
    raise exc
  File "/app/.venv/lib/python3.12/site-packages/starlette/_exception_handler.py", line 42, in wrapped_app
    await app(scope, receive, sender)
  File "/app/.venv/lib/python3.12/site-packages/fastapi/middleware/asyncexitstack.py", line 18, in __call__
    await self.app(scope, receive, send)
  File "/app/.venv/lib/python3.12/site-packages/starlette/routing.py", line 660, in __call__
    await self.middleware_stack(scope, receive, send)
  File "/app/.venv/lib/python3.12/site-packages/starlette/routing.py", line 680, in app
    await route.handle(scope, receive, send)
  File "/app/.venv/lib/python3.12/site-packages/starlette/routing.py", line 276, in handle
    await self.app(scope, receive, send)
  File "/app/.venv/lib/python3.12/site-packages/fastapi/routing.py", line 134, in app
    await wrap_app_handling_exceptions(app, request)(scope, receive, send)
  File "/app/.venv/lib/python3.12/site-packages/starlette/_exception_handler.py", line 53, in wrapped_app
    raise exc
  File "/app/.venv/lib/python3.12/site-packages/starlette/_exception_handler.py", line 42, in wrapped_app
    await app(scope, receive, sender)
  File "/app/.venv/lib/python3.12/site-packages/fastapi/routing.py", line 120, in app
    response = await f(request)
               ^^^^^^^^^^^^^^^^
  File "/app/.venv/lib/python3.12/site-packages/fastapi/routing.py", line 674, in app
    raw_response = await run_endpoint_function(
                   ^^^^^^^^^^^^^^^^^^^^^^^^^^^^
  File "/app/.venv/lib/python3.12/site-packages/fastapi/routing.py", line 328, in run_endpoint_function
    return await dependant.call(**values)
           ^^^^^^^^^^^^^^^^^^^^^^^^^^^^^^
  File "/app/app/routes/ingestion_routes.py", line 18, in ingest_link
    response = await ingestion_service.process()
               ^^^^^^^^^^^^^^^^^^^^^^^^^^^^^^^^^
  File "/app/app/services/ingestion_service.py", line 209, in process
    video_id = meta['video_id']
               ~~~~^^^^^^^^^^^^
TypeError: 'NoneType' object is not subscriptable
2026-04-01 09:33:45,343 | INFO | fastapi_app | Loading embedding model
2026-04-01 09:33:54,880 | INFO | fastapi_app | Loading Multimodal CLIP Model for Image Frames
2026-04-01 09:33:59,543 | INFO | fastapi_app | Downloading the video from  https://www.youtube.com/watch?v=YXgBYdjGKQM. Ingestion Service... download_file
2026-04-01 09:34:01,801 | INFO | fastapi_app | Downloaded File /app/app/static/upload/videos/YXgBYdjGKQM.mp4. Ingestion Service...
2026-04-01 09:34:03,764 | INFO | fastapi_app | English subtitles found for YXgBYdjGKQM. Downloading...
2026-04-01 09:34:06,165 | INFO | fastapi_app | LOgging for video extractions
2026-04-01 09:34:14,775 | INFO | fastapi_app | Successfully extracted frames to /app/app/static/upload/frames_dir/YXgBYdjGKQM
2026-04-01 09:34:14,776 | INFO | fastapi_app | RESULT {'folder': '/app/app/static/upload/frames_dir/YXgBYdjGKQM', 'count': 236, 'sample_image': 'frame_0001.jpg'}. Will rely on Audio/Vision.
2026-04-01 09:34:14,776 | INFO | fastapi_app | Generating CLIP embeddings for frames in /app/app/static/upload/frames_dir/YXgBYdjGKQM...
2026-04-01 09:34:36,643 | INFO | fastapi_app | 172.19.0.1 - "POST /upload" 201 (37191.59ms)
2026-04-01 09:43:56,250 | INFO | fastapi_app | Loading embedding model
2026-04-01 09:44:06,155 | INFO | fastapi_app | Loading Multimodal CLIP Model for Image Frames
2026-04-01 09:45:34,156 | INFO | fastapi_app | Loading embedding model
2026-04-01 09:45:44,650 | INFO | fastapi_app | Loading Multimodal CLIP Model for Image Frames
2026-04-01 09:56:16,569 | INFO | fastapi_app | Loading embedding model
2026-04-01 09:56:26,480 | INFO | fastapi_app | Loading Multimodal CLIP Model for Image Frames
2026-04-01 09:57:52,601 | INFO | fastapi_app | Loading embedding model
2026-04-01 09:58:02,328 | INFO | fastapi_app | Loading Multimodal CLIP Model for Image Frames
2026-04-01 09:58:06,750 | INFO | fastapi_app | Loading embedding model
2026-04-01 09:58:13,281 | INFO | fastapi_app | Loading Multimodal CLIP Model for Image Frames
2026-04-01 10:01:11,858 | INFO | fastapi_app | Loading embedding model
2026-04-01 10:01:22,924 | INFO | fastapi_app | Loading Multimodal CLIP Model for Image Frames
2026-04-01 10:12:00,995 | INFO | fastapi_app | Loading embedding model
2026-04-01 10:12:08,474 | INFO | fastapi_app | Loading Multimodal CLIP Model for Image Frames
2026-04-01 10:13:02,611 | INFO | fastapi_app | Loading embedding model
2026-04-01 10:13:10,108 | INFO | fastapi_app | Loading Multimodal CLIP Model for Image Frames
2026-04-01 10:14:13,347 | INFO | fastapi_app | Loading embedding model
2026-04-01 10:14:22,816 | INFO | fastapi_app | Loading Multimodal CLIP Model for Image Frames
2026-04-01 10:29:55,891 | INFO | fastapi_app | Loading embedding model
2026-04-01 10:30:39,565 | INFO | fastapi_app | Loading Multimodal CLIP Model for Image Frames
2026-04-01 10:32:39,289 | INFO | fastapi_app | Loading embedding model
2026-04-01 10:32:46,942 | INFO | fastapi_app | Loading Multimodal CLIP Model for Image Frames
2026-04-01 10:35:40,444 | INFO | fastapi_app | 172.19.0.1 - "GET /docs" 200 (0.90ms)
2026-04-01 10:35:40,632 | INFO | fastapi_app | 172.19.0.1 - "GET /openapi.json" 200 (1.76ms)
